# JRE version: Java(TM) SE Runtime Environment (8.0_101-b13) (build 1.8.0_101-b13)
# Java VM: Java HotSpot(TM) 64-Bit Server VM (25.101-b13 mixed mode windows-amd64 compressed oops)
Heap:
 PSYoungGen      total 236032K, used 123979K [0x00000000d5d80000, 0x00000000e5d80000, 0x0000000100000000)
  eden space 220160K, 49% used [0x00000000d5d80000,0x00000000dc89cf68,0x00000000e3480000)
  from space 15872K, 90% used [0x00000000e4e00000,0x00000000e5bf6070,0x00000000e5d80000)
  to   space 20992K, 0% used [0x00000000e3480000,0x00000000e3480000,0x00000000e4900000)
 ParOldGen       total 104960K, used 22220K [0x0000000081800000, 0x0000000087e80000, 0x00000000d5d80000)
  object space 104960K, 21% used [0x0000000081800000,0x0000000082db3130,0x0000000087e80000)
 Metaspace       used 55763K, capacity 56584K, committed 57008K, reserved 1099776K
  class space    used 6788K, capacity 6969K, committed 7088K, reserved 1048576K
GC Heap History (10 events):
Event: 11.810 GC heap before
{Heap before GC invocations=14 (full 2):
 PSYoungGen      total 136192K, used 123904K [0x00000000d5d80000, 0x00000000e1880000, 0x0000000100000000)
  eden space 123904K, 100% used [0x00000000d5d80000,0x00000000dd680000,0x00000000dd680000)
  from space 12288K, 0% used [0x00000000dd680000,0x00000000dd680000,0x00000000de280000)
  to   space 15360K, 0% used [0x00000000e0980000,0x00000000e0980000,0x00000000e1880000)
 ParOldGen       total 104960K, used 22188K [0x0000000081800000, 0x0000000087e80000, 0x00000000d5d80000)
  object space 104960K, 21% used [0x0000000081800000,0x0000000082dab130,0x0000000087e80000)
 Metaspace       used 42724K, capacity 43160K, committed 43440K, reserved 1087488K
  class space    used 5400K, capacity 5499K, committed 5552K, reserved 1048576K
Event: 11.828 GC heap after
Heap after GC invocations=14 (full 2):
 PSYoungGen      total 162816K, used 8792K [0x00000000d5d80000, 0x00000000e1280000, 0x0000000100000000)
  eden space 153600K, 0% used [0x00000000d5d80000,0x00000000d5d80000,0x00000000df380000)
  from space 9216K, 95% used [0x00000000e0980000,0x00000000e1216330,0x00000000e1280000)
  to   space 15360K, 0% used [0x00000000df480000,0x00000000df480000,0x00000000e0380000)
 ParOldGen       total 104960K, used 22188K [0x0000000081800000, 0x0000000087e80000, 0x00000000d5d80000)
  object space 104960K, 21% used [0x0000000081800000,0x0000000082dab130,0x0000000087e80000)
 Metaspace       used 42724K, capacity 43160K, committed 43440K, reserved 1087488K
  class space    used 5400K, capacity 5499K, committed 5552K, reserved 1048576K
}
Event: 13.867 GC heap before
{Heap before GC invocations=15 (full 2):
 PSYoungGen      total 162816K, used 162392K [0x00000000d5d80000, 0x00000000e1280000, 0x0000000100000000)
  eden space 153600K, 100% used [0x00000000d5d80000,0x00000000df380000,0x00000000df380000)
  from space 9216K, 95% used [0x00000000e0980000,0x00000000e1216330,0x00000000e1280000)
  to   space 15360K, 0% used [0x00000000df480000,0x00000000df480000,0x00000000e0380000)
 ParOldGen       total 104960K, used 22188K [0x0000000081800000, 0x0000000087e80000, 0x00000000d5d80000)
  object space 104960K, 21% used [0x0000000081800000,0x0000000082dab130,0x0000000087e80000)
 Metaspace       used 47284K, capacity 47782K, committed 48176K, reserved 1091584K
  class space    used 5973K, capacity 6136K, committed 6192K, reserved 1048576K
Event: 13.891 GC heap after
Heap after GC invocations=15 (full 2):
 PSYoungGen      total 169984K, used 11176K [0x00000000d5d80000, 0x00000000e3600000, 0x0000000100000000)
  eden space 154624K, 0% used [0x00000000d5d80000,0x00000000d5d80000,0x00000000df480000)
  from space 15360K, 72% used [0x00000000df480000,0x00000000dff6a1e8,0x00000000e0380000)
  to   space 15872K, 0% used [0x00000000e2680000,0x00000000e2680000,0x00000000e3600000)
 ParOldGen       total 104960K, used 22196K [0x0000000081800000, 0x0000000087e80000, 0x00000000d5d80000)
  object space 104960K, 21% used [0x0000000081800000,0x0000000082dad130,0x0000000087e80000)
 Metaspace       used 47284K, capacity 47782K, committed 48176K, reserved 1091584K
  class space    used 5973K, capacity 6136K, committed 6192K, reserved 1048576K
}
Event: 16.631 GC heap before
{Heap before GC invocations=16 (full 2):
 PSYoungGen      total 169984K, used 165800K [0x00000000d5d80000, 0x00000000e3600000, 0x0000000100000000)
  eden space 154624K, 100% used [0x00000000d5d80000,0x00000000df480000,0x00000000df480000)
  from space 15360K, 72% used [0x00000000df480000,0x00000000dff6a1e8,0x00000000e0380000)
  to   space 15872K, 0% used [0x00000000e2680000,0x00000000e2680000,0x00000000e3600000)
 ParOldGen       total 104960K, used 22196K [0x0000000081800000, 0x0000000087e80000, 0x00000000d5d80000)
  object space 104960K, 21% used [0x0000000081800000,0x0000000082dad130,0x0000000087e80000)
 Metaspace       used 51111K, capacity 51900K, committed 52272K, reserved 1095680K
  class space    used 6402K, capacity 6599K, committed 6704K, reserved 1048576K
Event: 16.673 GC heap after
Heap after GC invocations=16 (full 2):
 PSYoungGen      total 203776K, used 15015K [0x00000000d5d80000, 0x00000000e3c80000, 0x0000000100000000)
  eden space 187904K, 0% used [0x00000000d5d80000,0x00000000d5d80000,0x00000000e1500000)
  from space 15872K, 94% used [0x00000000e2680000,0x00000000e3529fe8,0x00000000e3600000)
  to   space 17920K, 0% used [0x00000000e1500000,0x00000000e1500000,0x00000000e2680000)
 ParOldGen       total 104960K, used 22204K [0x0000000081800000, 0x0000000087e80000, 0x00000000d5d80000)
  object space 104960K, 21% used [0x0000000081800000,0x0000000082daf130,0x0000000087e80000)
 Metaspace       used 51111K, capacity 51900K, committed 52272K, reserved 1095680K
  class space    used 6402K, capacity 6599K, committed 6704K, reserved 1048576K
}
Event: 249.339 GC heap before
{Heap before GC invocations=17 (full 2):
 PSYoungGen      total 203776K, used 202919K [0x00000000d5d80000, 0x00000000e3c80000, 0x0000000100000000)
  eden space 187904K, 100% used [0x00000000d5d80000,0x00000000e1500000,0x00000000e1500000)
  from space 15872K, 94% used [0x00000000e2680000,0x00000000e3529fe8,0x00000000e3600000)
  to   space 17920K, 0% used [0x00000000e1500000,0x00000000e1500000,0x00000000e2680000)
 ParOldGen       total 104960K, used 22204K [0x0000000081800000, 0x0000000087e80000, 0x00000000d5d80000)
  object space 104960K, 21% used [0x0000000081800000,0x0000000082daf130,0x0000000087e80000)
 Metaspace       used 55732K, capacity 56552K, committed 56880K, reserved 1099776K
  class space    used 6782K, capacity 6937K, committed 6960K, reserved 1048576K
Event: 249.366 GC heap after
Heap after GC invocations=17 (full 2):
 PSYoungGen      total 205824K, used 16624K [0x00000000d5d80000, 0x00000000e6180000, 0x0000000100000000)
  eden space 187904K, 0% used [0x00000000d5d80000,0x00000000d5d80000,0x00000000e1500000)
  from space 17920K, 92% used [0x00000000e1500000,0x00000000e253c178,0x00000000e2680000)
  to   space 19968K, 0% used [0x00000000e4e00000,0x00000000e4e00000,0x00000000e6180000)
 ParOldGen       total 104960K, used 22212K [0x0000000081800000, 0x0000000087e80000, 0x00000000d5d80000)
  object space 104960K, 21% used [0x0000000081800000,0x0000000082db1130,0x0000000087e80000)
 Metaspace       used 55732K, capacity 56552K, committed 56880K, reserved 1099776K
  class space    used 6782K, capacity 6937K, committed 6960K, reserved 1048576K
}
Event: 267.096 GC heap before
{Heap before GC invocations=18 (full 2):
 PSYoungGen      total 205824K, used 204528K [0x00000000d5d80000, 0x00000000e6180000, 0x0000000100000000)
  eden space 187904K, 100% used [0x00000000d5d80000,0x00000000e1500000,0x00000000e1500000)
  from space 17920K, 92% used [0x00000000e1500000,0x00000000e253c178,0x00000000e2680000)
  to   space 19968K, 0% used [0x00000000e4e00000,0x00000000e4e00000,0x00000000e6180000)
 ParOldGen       total 104960K, used 22212K [0x0000000081800000, 0x0000000087e80000, 0x00000000d5d80000)
  object space 104960K, 21% used [0x0000000081800000,0x0000000082db1130,0x0000000087e80000)
 Metaspace       used 55750K, capacity 56552K, committed 56880K, reserved 1099776K
  class space    used 6786K, capacity 6937K, committed 6960K, reserved 1048576K
Event: 267.116 GC heap after
Heap after GC invocations=18 (full 2):
 PSYoungGen      total 236032K, used 14296K [0x00000000d5d80000, 0x00000000e5d80000, 0x0000000100000000)
  eden space 220160K, 0% used [0x00000000d5d80000,0x00000000d5d80000,0x00000000e3480000)
  from space 15872K, 90% used [0x00000000e4e00000,0x00000000e5bf6070,0x00000000e5d80000)
  to   space 20992K, 0% used [0x00000000e3480000,0x00000000e3480000,0x00000000e4900000)
 ParOldGen       total 104960K, used 22220K [0x0000000081800000, 0x0000000087e80000, 0x00000000d5d80000)
  object space 104960K, 21% used [0x0000000081800000,0x0000000082db3130,0x0000000087e80000)
 Metaspace       used 55750K, capacity 56552K, committed 56880K, reserved 1099776K
  class space    used 6786K, capacity 6937K, committed 6960K, reserved 1048576K
}

