# JRE version: Java(TM) SE Runtime Environment (8.0_101-b13) (build 1.8.0_101-b13)
# Java VM: Java HotSpot(TM) 64-Bit Server VM (25.101-b13 mixed mode windows-amd64 compressed oops)
Heap:
 PSYoungGen      total 227328K, used 118019K [0x00000000d5d80000, 0x00000000e5480000, 0x0000000100000000)
  eden space 210944K, 49% used [0x00000000d5d80000,0x00000000dc2caef0,0x00000000e2b80000)
  from space 16384K, 87% used [0x00000000e4480000,0x00000000e52760d0,0x00000000e5480000)
  to   space 20992K, 0% used [0x00000000e2b80000,0x00000000e2b80000,0x00000000e4000000)
 ParOldGen       total 105472K, used 22694K [0x0000000081800000, 0x0000000087f00000, 0x00000000d5d80000)
  object space 105472K, 21% used [0x0000000081800000,0x0000000082e299e0,0x0000000087f00000)
 Metaspace       used 54399K, capacity 55212K, committed 55472K, reserved 1097728K
  class space    used 6628K, capacity 6799K, committed 6832K, reserved 1048576K
GC Heap History (10 events):
Event: 11.240 GC heap before
{Heap before GC invocations=14 (full 2):
 PSYoungGen      total 134656K, used 122368K [0x00000000d5d80000, 0x00000000e1500000, 0x0000000100000000)
  eden space 122368K, 100% used [0x00000000d5d80000,0x00000000dd500000,0x00000000dd500000)
  from space 12288K, 0% used [0x00000000dd500000,0x00000000dd500000,0x00000000de100000)
  to   space 15360K, 0% used [0x00000000e0600000,0x00000000e0600000,0x00000000e1500000)
 ParOldGen       total 105472K, used 22238K [0x0000000081800000, 0x0000000087f00000, 0x00000000d5d80000)
  object space 105472K, 21% used [0x0000000081800000,0x0000000082db78f0,0x0000000087f00000)
 Metaspace       used 42597K, capacity 43064K, committed 43440K, reserved 1087488K
  class space    used 5378K, capacity 5467K, committed 5552K, reserved 1048576K
Event: 11.254 GC heap after
Heap after GC invocations=14 (full 2):
 PSYoungGen      total 160256K, used 8646K [0x00000000d5d80000, 0x00000000e0f00000, 0x0000000100000000)
  eden space 151040K, 0% used [0x00000000d5d80000,0x00000000d5d80000,0x00000000df100000)
  from space 9216K, 93% used [0x00000000e0600000,0x00000000e0e718d0,0x00000000e0f00000)
  to   space 15360K, 0% used [0x00000000df100000,0x00000000df100000,0x00000000e0000000)
 ParOldGen       total 105472K, used 22238K [0x0000000081800000, 0x0000000087f00000, 0x00000000d5d80000)
  object space 105472K, 21% used [0x0000000081800000,0x0000000082db78f0,0x0000000087f00000)
 Metaspace       used 42597K, capacity 43064K, committed 43440K, reserved 1087488K
  class space    used 5378K, capacity 5467K, committed 5552K, reserved 1048576K
}
Event: 13.426 GC heap before
{Heap before GC invocations=15 (full 2):
 PSYoungGen      total 160256K, used 159686K [0x00000000d5d80000, 0x00000000e0f00000, 0x0000000100000000)
  eden space 151040K, 100% used [0x00000000d5d80000,0x00000000df100000,0x00000000df100000)
  from space 9216K, 93% used [0x00000000e0600000,0x00000000e0e718d0,0x00000000e0f00000)
  to   space 15360K, 0% used [0x00000000df100000,0x00000000df100000,0x00000000e0000000)
 ParOldGen       total 105472K, used 22238K [0x0000000081800000, 0x0000000087f00000, 0x00000000d5d80000)
  object space 105472K, 21% used [0x0000000081800000,0x0000000082db78f0,0x0000000087f00000)
 Metaspace       used 46953K, capacity 47462K, committed 47920K, reserved 1091584K
  class space    used 5927K, capacity 6072K, committed 6192K, reserved 1048576K
Event: 13.441 GC heap after
Heap after GC invocations=15 (full 2):
 PSYoungGen      total 166400K, used 10726K [0x00000000d5d80000, 0x00000000e3000000, 0x0000000100000000)
  eden space 151040K, 0% used [0x00000000d5d80000,0x00000000d5d80000,0x00000000df100000)
  from space 15360K, 69% used [0x00000000df100000,0x00000000dfb79a68,0x00000000e0000000)
  to   space 15872K, 0% used [0x00000000e2080000,0x00000000e2080000,0x00000000e3000000)
 ParOldGen       total 105472K, used 22246K [0x0000000081800000, 0x0000000087f00000, 0x00000000d5d80000)
  object space 105472K, 21% used [0x0000000081800000,0x0000000082db98f0,0x0000000087f00000)
 Metaspace       used 46953K, capacity 47462K, committed 47920K, reserved 1091584K
  class space    used 5927K, capacity 6072K, committed 6192K, reserved 1048576K
}
Event: 15.799 GC heap before
{Heap before GC invocations=16 (full 2):
 PSYoungGen      total 166400K, used 161766K [0x00000000d5d80000, 0x00000000e3000000, 0x0000000100000000)
  eden space 151040K, 100% used [0x00000000d5d80000,0x00000000df100000,0x00000000df100000)
  from space 15360K, 69% used [0x00000000df100000,0x00000000dfb79a68,0x00000000e0000000)
  to   space 15872K, 0% used [0x00000000e2080000,0x00000000e2080000,0x00000000e3000000)
 ParOldGen       total 105472K, used 22246K [0x0000000081800000, 0x0000000087f00000, 0x00000000d5d80000)
  object space 105472K, 21% used [0x0000000081800000,0x0000000082db98f0,0x0000000087f00000)
 Metaspace       used 51083K, capacity 51868K, committed 52144K, reserved 1095680K
  class space    used 6397K, capacity 6567K, committed 6576K, reserved 1048576K
Event: 15.835 GC heap after
Heap after GC invocations=16 (full 2):
 PSYoungGen      total 197120K, used 15857K [0x00000000d5d80000, 0x00000000e3700000, 0x0000000100000000)
  eden space 181248K, 0% used [0x00000000d5d80000,0x00000000d5d80000,0x00000000e0e80000)
  from space 15872K, 99% used [0x00000000e2080000,0x00000000e2ffc598,0x00000000e3000000)
  to   space 18432K, 0% used [0x00000000e0e80000,0x00000000e0e80000,0x00000000e2080000)
 ParOldGen       total 105472K, used 22678K [0x0000000081800000, 0x0000000087f00000, 0x00000000d5d80000)
  object space 105472K, 21% used [0x0000000081800000,0x0000000082e259e0,0x0000000087f00000)
 Metaspace       used 51083K, capacity 51868K, committed 52144K, reserved 1095680K
  class space    used 6397K, capacity 6567K, committed 6576K, reserved 1048576K
}
Event: 36.623 GC heap before
{Heap before GC invocations=17 (full 2):
 PSYoungGen      total 197120K, used 197105K [0x00000000d5d80000, 0x00000000e3700000, 0x0000000100000000)
  eden space 181248K, 100% used [0x00000000d5d80000,0x00000000e0e80000,0x00000000e0e80000)
  from space 15872K, 99% used [0x00000000e2080000,0x00000000e2ffc598,0x00000000e3000000)
  to   space 18432K, 0% used [0x00000000e0e80000,0x00000000e0e80000,0x00000000e2080000)
 ParOldGen       total 105472K, used 22678K [0x0000000081800000, 0x0000000087f00000, 0x00000000d5d80000)
  object space 105472K, 21% used [0x0000000081800000,0x0000000082e259e0,0x0000000087f00000)
 Metaspace       used 54377K, capacity 55212K, committed 55472K, reserved 1097728K
  class space    used 6622K, capacity 6799K, committed 6832K, reserved 1048576K
Event: 36.646 GC heap after
Heap after GC invocations=17 (full 2):
 PSYoungGen      total 199680K, used 15646K [0x00000000d5d80000, 0x00000000e5800000, 0x0000000100000000)
  eden space 181248K, 0% used [0x00000000d5d80000,0x00000000d5d80000,0x00000000e0e80000)
  from space 18432K, 84% used [0x00000000e0e80000,0x00000000e1dc7838,0x00000000e2080000)
  to   space 19968K, 0% used [0x00000000e4480000,0x00000000e4480000,0x00000000e5800000)
 ParOldGen       total 105472K, used 22686K [0x0000000081800000, 0x0000000087f00000, 0x00000000d5d80000)
  object space 105472K, 21% used [0x0000000081800000,0x0000000082e279e0,0x0000000087f00000)
 Metaspace       used 54377K, capacity 55212K, committed 55472K, reserved 1097728K
  class space    used 6622K, capacity 6799K, committed 6832K, reserved 1048576K
}
Event: 59.818 GC heap before
{Heap before GC invocations=18 (full 2):
 PSYoungGen      total 199680K, used 196894K [0x00000000d5d80000, 0x00000000e5800000, 0x0000000100000000)
  eden space 181248K, 100% used [0x00000000d5d80000,0x00000000e0e80000,0x00000000e0e80000)
  from space 18432K, 84% used [0x00000000e0e80000,0x00000000e1dc7838,0x00000000e2080000)
  to   space 19968K, 0% used [0x00000000e4480000,0x00000000e4480000,0x00000000e5800000)
 ParOldGen       total 105472K, used 22686K [0x0000000081800000, 0x0000000087f00000, 0x00000000d5d80000)
  object space 105472K, 21% used [0x0000000081800000,0x0000000082e279e0,0x0000000087f00000)
 Metaspace       used 54394K, capacity 55212K, committed 55472K, reserved 1097728K
  class space    used 6628K, capacity 6799K, committed 6832K, reserved 1048576K
Event: 59.845 GC heap after
Heap after GC invocations=18 (full 2):
 PSYoungGen      total 227328K, used 14296K [0x00000000d5d80000, 0x00000000e5480000, 0x0000000100000000)
  eden space 210944K, 0% used [0x00000000d5d80000,0x00000000d5d80000,0x00000000e2b80000)
  from space 16384K, 87% used [0x00000000e4480000,0x00000000e52760d0,0x00000000e5480000)
  to   space 20992K, 0% used [0x00000000e2b80000,0x00000000e2b80000,0x00000000e4000000)
 ParOldGen       total 105472K, used 22694K [0x0000000081800000, 0x0000000087f00000, 0x00000000d5d80000)
  object space 105472K, 21% used [0x0000000081800000,0x0000000082e299e0,0x0000000087f00000)
 Metaspace       used 54394K, capacity 55212K, committed 55472K, reserved 1097728K
  class space    used 6628K, capacity 6799K, committed 6832K, reserved 1048576K
}

